*** Using Compiler 'V5.06 update 7 (build 960)', folder: 'D:\KeilSTM32\ARM\ARMCC\Bin'
Rebuild target 'UART'
assembling startup_stm32f103xb.s...
compiling rtc.c...
compiling stm32f1xx_it.c...
compiling usart.c...
compiling gpio.c...
compiling esp8266.c...
compiling stm32f1xx_hal_gpio_ex.c...
compiling stm32f1xx_hal_msp.c...
compiling tim.c...
compiling main.c...
compiling spi.c...
compiling stm32f1xx_hal_tim_ex.c...
compiling stm32f1xx_hal_tim.c...
compiling stm32f1xx_hal.c...
compiling stm32f1xx_hal_gpio.c...
compiling stm32f1xx_hal_cortex.c...
compiling stm32f1xx_hal_dma.c...
compiling stm32f1xx_hal_rcc_ex.c...
compiling stm32f1xx_hal_pwr.c...
compiling stm32f1xx_hal_flash_ex.c...
compiling stm32f1xx_hal_flash.c...
compiling stm32f1xx_hal_rcc.c...
compiling stm32f1xx_hal_exti.c...
compiling stm32f1xx_hal_uart.c...
compiling stm32f1xx_hal_spi.c...
compiling system_stm32f1xx.c...
compiling stm32f1xx_hal_rtc.c...
compiling stm32f1xx_hal_rtc_ex.c...
linking...
Program Size: Code=17480 RO-data=328 RW-data=44 ZI-data=1676  
FromELF: creating hex file...
"UART\UART.axf" - 0 Error(s), 0 Warning(s).
Build Time Elapsed:  00:00:11
